  Validating sources
  Copying sources remotely to '172.105.79.194'
  Validating architecture
  Validating architecture
  Starting remote build
  Compiling sources:
  Game.cpp
C:\Users\woode\Documents\GitHub\Deduction\DeductionServer\DeductionServer\Game.cpp(149,20): warning : conversion from ‘size_t’ {aka ‘long unsigned int’} to ‘float’ may change value [-Wconversion]
C:\Users\woode\Documents\GitHub\Deduction\DeductionServer\DeductionServer\Game.cpp(149,20): warning :     cosf(i * (float)M_PI * 2.0f / mobs.size() + offset),
C:\Users\woode\Documents\GitHub\Deduction\DeductionServer\DeductionServer\Game.cpp(149,20): warning :                     ^~~~
C:\Users\woode\Documents\GitHub\Deduction\DeductionServer\DeductionServer\Game.cpp(149,43): warning : conversion from ‘std::vector<long unsigned int>::size_type’ {aka ‘long unsigned int’} to ‘float’ may change value [-Wconversion]
C:\Users\woode\Documents\GitHub\Deduction\DeductionServer\DeductionServer\Game.cpp(149,43): warning :     cosf(i * (float)M_PI * 2.0f / mobs.size() + offset),
C:\Users\woode\Documents\GitHub\Deduction\DeductionServer\DeductionServer\Game.cpp(149,43): warning :                                   ~~~~~~~~~^~
C:\Users\woode\Documents\GitHub\Deduction\DeductionServer\DeductionServer\Game.cpp(150,20): warning : conversion from ‘size_t’ {aka ‘long unsigned int’} to ‘float’ may change value [-Wconversion]
C:\Users\woode\Documents\GitHub\Deduction\DeductionServer\DeductionServer\Game.cpp(150,20): warning :     sinf(i * (float)M_PI * 2.0f / mobs.size() + offset)) * size;
C:\Users\woode\Documents\GitHub\Deduction\DeductionServer\DeductionServer\Game.cpp(150,20): warning :                     ^~~~
C:\Users\woode\Documents\GitHub\Deduction\DeductionServer\DeductionServer\Game.cpp(150,43): warning : conversion from ‘std::vector<long unsigned int>::size_type’ {aka ‘long unsigned int’} to ‘float’ may change value [-Wconversion]
C:\Users\woode\Documents\GitHub\Deduction\DeductionServer\DeductionServer\Game.cpp(150,43): warning :     sinf(i * (float)M_PI * 2.0f / mobs.size() + offset)) * size;
C:\Users\woode\Documents\GitHub\Deduction\DeductionServer\DeductionServer\Game.cpp(150,43): warning :                                   ~~~~~~~~~^~
C:\Users\woode\Documents\GitHub\Deduction\DeductionServer\DeductionServer\Game.cpp(203,16): warning : comparison of integer expressions of different signedness: ‘size_t’ {aka ‘long unsigned int’} and ‘int64_t’ {aka ‘long int’} [-Wsign-compare]
C:\Users\woode\Documents\GitHub\Deduction\DeductionServer\DeductionServer\Game.cpp(390,27): warning : conversion from ‘int64_t’ {aka ‘long int’} to ‘uint16_t’ {aka ‘short unsigned int’} may change value [-Wconversion]
C:\Users\woode\Documents\GitHub\Deduction\DeductionServer\DeductionServer\Game.cpp(390,27): warning :   message.sabotage = task->sabotage_index;
C:\Users\woode\Documents\GitHub\Deduction\DeductionServer\DeductionServer\Game.cpp(390,27): warning :                      ~~~~~~^~~~~~~~~~~~~~
C:\Users\woode\Documents\GitHub\Deduction\DeductionServer\DeductionServer\Game.cpp(392,33): warning : conversion from ‘int64_t’ {aka ‘long int’} to ‘uint16_t’ {aka ‘short unsigned int’} may change value [-Wconversion]
C:\Users\woode\Documents\GitHub\Deduction\DeductionServer\DeductionServer\Game.cpp(392,33): warning :   message.minigame_index = task->minigame_index;
C:\Users\woode\Documents\GitHub\Deduction\DeductionServer\DeductionServer\Game.cpp(392,33): warning :                            ~~~~~~^~~~~~~~~~~~~~
C:\Users\woode\Documents\GitHub\Deduction\DeductionServer\DeductionServer\Game.cpp(409,27): warning : conversion from ‘size_t’ {aka ‘long unsigned int’} to ‘std::vector<short unsigned int>::value_type’ {aka ‘short unsigned int’} may change value [-Wconversion]
C:\Users\woode\Documents\GitHub\Deduction\DeductionServer\DeductionServer\Game.cpp(409,27): warning :      short_tasks.push_back(i);
C:\Users\woode\Documents\GitHub\Deduction\DeductionServer\DeductionServer\Game.cpp(409,27): warning :                            ^
C:\Users\woode\Documents\GitHub\Deduction\DeductionServer\DeductionServer\Game.cpp(414,32): warning : comparison of integer expressions of different signedness: ‘int64_t’ {aka ‘long int’} and ‘std::vector<short unsigned int>::size_type’ {aka ‘long unsigned int’} [-Wsign-compare]
C:\Users\woode\Documents\GitHub\Deduction\DeductionServer\DeductionServer\Game.cpp(414,32): warning :     if (settings.shortTaskCount < short_tasks.size() && settings.shortTaskCount >= 0)
C:\Users\woode\Documents\GitHub\Deduction\DeductionServer\DeductionServer\Game.cpp(414,32): warning :         ~~~~~~~~~~~~~~~~~~~~~~~~^~~~~~~~~~~~~~~~~~~~
C:\Users\woode\Documents\GitHub\Deduction\DeductionServer\DeductionServer\Game.cpp(424,28): warning : conversion from ‘size_t’ {aka ‘long unsigned int’} to ‘std::vector<short unsigned int>::value_type’ {aka ‘short unsigned int’} may change value [-Wconversion]
C:\Users\woode\Documents\GitHub\Deduction\DeductionServer\DeductionServer\Game.cpp(424,28): warning :      long_tasks.push_back(i + 1000);
C:\Users\woode\Documents\GitHub\Deduction\DeductionServer\DeductionServer\Game.cpp(424,28): warning :                           ~~^~~~~~
C:\Users\woode\Documents\GitHub\Deduction\DeductionServer\DeductionServer\Game.cpp(429,31): warning : comparison of integer expressions of different signedness: ‘int64_t’ {aka ‘long int’} and ‘std::vector<short unsigned int>::size_type’ {aka ‘long unsigned int’} [-Wsign-compare]
C:\Users\woode\Documents\GitHub\Deduction\DeductionServer\DeductionServer\Game.cpp(429,31): warning :     if (settings.longTaskCount < long_tasks.size() && settings.longTaskCount >= 0)
C:\Users\woode\Documents\GitHub\Deduction\DeductionServer\DeductionServer\Game.cpp(429,31): warning :         ~~~~~~~~~~~~~~~~~~~~~~~^~~~~~~~~~~~~~~~~~~
C:\Users\woode\Documents\GitHub\Deduction\DeductionServer\DeductionServer\Game.cpp(611,17): warning : conversion from ‘size_t’ {aka ‘long unsigned int’} to ‘uint16_t’ {aka ‘short unsigned int’} may change value [-Wconversion]
C:\Users\woode\Documents\GitHub\Deduction\DeductionServer\DeductionServer\Game.cpp(611,17): warning :   message.task = taskCountComplete;
C:\Users\woode\Documents\GitHub\Deduction\DeductionServer\DeductionServer\Game.cpp(611,17): warning :                  ^~~~~~~~~~~~~~~~~
C:\Users\woode\Documents\GitHub\Deduction\DeductionServer\DeductionServer\Game.cpp(630,19): warning : comparison of integer expressions of different signedness: ‘int32_t’ {aka ‘int’} and ‘std::vector<std::shared_ptr<Map> >::size_type’ {aka ‘long unsigned int’} [-Wsign-compare]
C:\Users\woode\Documents\GitHub\Deduction\DeductionServer\DeductionServer\Game.cpp(630,19): warning :   if (settings.map < maps.size())
C:\Users\woode\Documents\GitHub\Deduction\DeductionServer\DeductionServer\Game.cpp(630,19): warning :       ~~~~~~~~~~~~~^~~~~~~~~~~~~
C:\Users\woode\Documents\GitHub\Deduction\DeductionServer\DeductionServer\Game.cpp(667,31): warning : conversion from ‘uint64_t’ {aka ‘long unsigned int’} to ‘int32_t’ {aka ‘int’} may change value [-Wconversion]
C:\Users\woode\Documents\GitHub\Deduction\DeductionServer\DeductionServer\Game.cpp(667,31): warning :   message.photographer = photo.photographer;
C:\Users\woode\Documents\GitHub\Deduction\DeductionServer\DeductionServer\Game.cpp(667,31): warning :                          ~~~~~~^~~~~~~~~~~~
C:\Users\woode\Documents\GitHub\Deduction\DeductionServer\DeductionServer\Game.cpp(367,32): warning : comparison of integer expressions of different signedness: ‘int64_t’ {aka ‘long int’} and ‘const uint64_t’ {aka ‘const long unsigned int’} [-Wsign-compare]
C:\Users\woode\Documents\GitHub\Deduction\DeductionServer\DeductionServer\Game.cpp(367,32): warning :     return task->sabotage_index == index;
C:\Users\woode\Documents\GitHub\Deduction\DeductionServer\DeductionServer\Game.cpp(367,32): warning :            ~~~~~~~~~~~~~~~~~~~~~^~~~~~~~
  Linking objects
  DeductionServer.vcxproj -> C:\Users\woode\Documents\GitHub\Deduction\DeductionServer\DeductionServer\bin\x64\Debug\DeductionServer.out
