  Validating sources
  Copying sources remotely to '2a01:7e01::f03c:92ff:fe8e:50b4'
  Validating architecture
C:\Program Files (x86)\Microsoft Visual Studio\2019\Community\MSBuild\Microsoft\VC\v160\Application Type\Linux\1.0\Linux.targets(198,5): warning : The remote systems used in deploy have incompatible platform architectures ('x64', 'ARM'). If you are cross-compiling you can disregard this warning.
  Validating architecture
C:\Program Files (x86)\Microsoft Visual Studio\2019\Community\MSBuild\Microsoft\VC\v160\Application Type\Linux\1.0\Linux.targets(188,5): warning : Current project architecture 'x64' is incompatible with the remote system architecture 'ARM' ('ARM'). Please switch the project architecture to 'ARM' in Configuration Manager.
  Starting remote build
  Compiling sources:
  Game.cpp
C:\Users\Emil\Documents\GitHub\Deduction\DeductionServer\DeductionServer\Game.cpp(73,48): warning : conversion from ‘size_t’ {aka ‘long unsigned int’} to ‘float’ may change value [-Wconversion]
C:\Users\Emil\Documents\GitHub\Deduction\DeductionServer\DeductionServer\Game.cpp(73,48): warning :    message.to = position + Vec2(cosf(i * (float)M_PI * 2.0f / mobs.size()), sinf(i * (float)M_PI * 2.0f / mobs.size())) * size;
C:\Users\Emil\Documents\GitHub\Deduction\DeductionServer\DeductionServer\Game.cpp(73,48): warning :                                                 ^~~~
C:\Users\Emil\Documents\GitHub\Deduction\DeductionServer\DeductionServer\Game.cpp(73,71): warning : conversion from ‘std::vector<long unsigned int>::size_type’ {aka ‘long unsigned int’} to ‘float’ may change value [-Wconversion]
C:\Users\Emil\Documents\GitHub\Deduction\DeductionServer\DeductionServer\Game.cpp(73,71): warning :    message.to = position + Vec2(cosf(i * (float)M_PI * 2.0f / mobs.size()), sinf(i * (float)M_PI * 2.0f / mobs.size())) * size;
C:\Users\Emil\Documents\GitHub\Deduction\DeductionServer\DeductionServer\Game.cpp(73,71): warning :                                                               ~~~~~~~~~^~
C:\Users\Emil\Documents\GitHub\Deduction\DeductionServer\DeductionServer\Game.cpp(73,92): warning : conversion from ‘size_t’ {aka ‘long unsigned int’} to ‘float’ may change value [-Wconversion]
C:\Users\Emil\Documents\GitHub\Deduction\DeductionServer\DeductionServer\Game.cpp(73,92): warning :    message.to = position + Vec2(cosf(i * (float)M_PI * 2.0f / mobs.size()), sinf(i * (float)M_PI * 2.0f / mobs.size())) * size;
C:\Users\Emil\Documents\GitHub\Deduction\DeductionServer\DeductionServer\Game.cpp(73,92): warning :                                                                                             ^~~~
C:\Users\Emil\Documents\GitHub\Deduction\DeductionServer\DeductionServer\Game.cpp(73,115): warning : conversion from ‘std::vector<long unsigned int>::size_type’ {aka ‘long unsigned int’} to ‘float’ may change value [-Wconversion]
C:\Users\Emil\Documents\GitHub\Deduction\DeductionServer\DeductionServer\Game.cpp(73,115): warning :    message.to = position + Vec2(cosf(i * (float)M_PI * 2.0f / mobs.size()), sinf(i * (float)M_PI * 2.0f / mobs.size())) * size;
C:\Users\Emil\Documents\GitHub\Deduction\DeductionServer\DeductionServer\Game.cpp(73,115): warning :                                                                                                           ~~~~~~~~~^~
  Linking objects
  DeductionServer.vcxproj -> C:\Users\Emil\Documents\GitHub\Deduction\DeductionServer\DeductionServer\bin\x64\Release\DeductionServer.out
